<?xml version="1.0" encoding="UTF-8"?>
<!-- Generated by org.testng.reporters.JUnitXMLReporter -->
<testsuite ignored="0" hostname="brahma-PC" failures="0" tests="6" name="Create Booking Test -Apply discount- Inst Payment" time="0.055" errors="0" timestamp="2021-09-09T01:34:53 IST">
  <testcase classname="BookingProject.BookingSearch" name="searchHotel" time="0.002"/>
  <testcase classname="BookingProject.BookingSearch" name="selectHotel" time="0.002"/>
  <testcase classname="BookingProject.BookingSearch" name="enterGuestInfo" time="0.005"/>
  <testcase classname="BookingProject.PaymentManager" name="applyDiscount" time="0.004"/>
  <testcase classname="BookingProject.PaymentManager" name="makePayment" time="0.002"/>
  <testcase classname="BookingProject.CustomerCommunications" name="checkMail" time="0.002"/>
</testsuite> <!-- Create Booking Test -Apply discount- Inst Payment -->
