<?xml version="1.0" encoding="UTF-8"?>
<!-- Generated by org.testng.reporters.JUnitXMLReporter -->
<testsuite ignored="0" hostname="brahma-PC" failures="0" tests="6" name="Create Booking Test -Apply discount- Pay@Hotel" time="0.336" errors="0" timestamp="2021-09-09T01:34:53 IST">
  <testcase classname="BookingProject.BookingSearch" name="searchHotel" time="0.04"/>
  <testcase classname="BookingProject.BookingSearch" name="selectHotel" time="0.009"/>
  <testcase classname="BookingProject.BookingSearch" name="enterGuestInfo" time="0.009"/>
  <testcase classname="BookingProject.PaymentManager" name="applyDiscount" time="0.008"/>
  <testcase classname="BookingProject.PaymentManager" name="makePayment" time="0.011"/>
  <testcase classname="BookingProject.CustomerCommunications" name="checkMail" time="0.011"/>
</testsuite> <!-- Create Booking Test -Apply discount- Pay@Hotel -->
