<?xml version="1.0" encoding="UTF-8"?>
<!-- Generated by org.testng.reporters.JUnitXMLReporter -->
<testsuite hostname="brahma-PC" failures="0" tests="6" name="Create Booking Test -Apply discount" time="0.043" errors="0" timestamp="8 Sep 2021 18:20:26 GMT">
  <testcase classname="BookingProject.BookingSearch" name="searchHotel" time="0.003"/>
  <testcase classname="BookingProject.BookingSearch" name="selectHotel" time="0.003"/>
  <testcase classname="BookingProject.BookingSearch" name="enterGuestInfo" time="0.004"/>
  <testcase classname="BookingProject.PaymentManager" name="applyDiscount" time="0.002"/>
  <testcase classname="BookingProject.PaymentManager" name="makePayment" time="0.003"/>
  <testcase classname="BookingProject.CustomerCommunications" name="checkMail" time="0.003"/>
</testsuite> <!-- Create Booking Test -Apply discount -->
