<?xml version="1.0" encoding="UTF-8"?>
<!-- Generated by org.testng.reporters.JUnitXMLReporter -->
<testsuite hostname="brahma-PC" name="My test name" tests="2" failures="1" timestamp="27 Apr 2021 19:39:57 GMT" time="0.441" errors="0">
  <testcase name="Test1" time="0.142" classname="testNGBasics.TestListners">
    <failure type="java.lang.AssertionError" message="expected [Sita] but found [Ramu]">
      <![CDATA[java.lang.AssertionError: expected [Sita] but found [Ramu]
	at testNGBasics.TestListners.Test1(TestListners.java:16)
... Removed 29 stack frames]]>
    </failure>
  </testcase> <!-- Test1 -->
  <testcase name="Test2" time="0.028" classname="testNGBasics.TestListners"/>
</testsuite> <!-- My test name -->
