<?xml version="1.0" encoding="UTF-8"?>
<testng-results ignored="0" total="12" passed="12" failed="0" skipped="0">
  <reporter-output>
  </reporter-output>
  <suite started-at="2021-09-09T01:34:53 IST" name="Booking Suite" finished-at="2021-09-09T01:34:53 IST" duration-ms="615">
    <groups>
    </groups>
    <test started-at="2021-09-09T01:34:53 IST" name="Create Booking Test -Apply discount- Pay@Hotel" finished-at="2021-09-09T01:34:53 IST" duration-ms="336">
      <class name="BookingProject.PaymentManager">
        <test-method signature="applyDiscount()[pri:0, instance:BookingProject.PaymentManager@6a370f4]" started-at="2021-09-09T01:34:53 IST" name="applyDiscount" finished-at="2021-09-09T01:34:53 IST" duration-ms="8" status="PASS">
          <reporter-output>
          </reporter-output>
        </test-method> <!-- applyDiscount -->
        <test-method signature="makePayment(java.lang.String)[pri:0, instance:BookingProject.PaymentManager@6a370f4]" started-at="2021-09-09T01:34:53 IST" name="makePayment" finished-at="2021-09-09T01:34:53 IST" duration-ms="11" status="PASS">
          <params>
            <param index="0">
              <value>
                <![CDATA[pay@hotel]]>
              </value>
            </param>
          </params>
          <reporter-output>
          </reporter-output>
        </test-method> <!-- makePayment -->
      </class> <!-- BookingProject.PaymentManager -->
      <class name="BookingProject.CustomerCommunications">
        <test-method signature="checkMail()[pri:0, instance:BookingProject.CustomerCommunications@2abf4075]" started-at="2021-09-09T01:34:53 IST" name="checkMail" finished-at="2021-09-09T01:34:53 IST" duration-ms="11" status="PASS">
          <reporter-output>
          </reporter-output>
        </test-method> <!-- checkMail -->
      </class> <!-- BookingProject.CustomerCommunications -->
      <class name="BookingProject.BookingSearch">
        <test-method signature="searchHotel()[pri:0, instance:BookingProject.BookingSearch@503d687a]" started-at="2021-09-09T01:34:53 IST" name="searchHotel" finished-at="2021-09-09T01:34:53 IST" duration-ms="40" status="PASS">
          <reporter-output>
          </reporter-output>
        </test-method> <!-- searchHotel -->
        <test-method signature="selectHotel()[pri:0, instance:BookingProject.BookingSearch@503d687a]" started-at="2021-09-09T01:34:53 IST" name="selectHotel" finished-at="2021-09-09T01:34:53 IST" duration-ms="9" status="PASS">
          <reporter-output>
          </reporter-output>
        </test-method> <!-- selectHotel -->
        <test-method signature="enterGuestInfo()[pri:0, instance:BookingProject.BookingSearch@503d687a]" started-at="2021-09-09T01:34:53 IST" name="enterGuestInfo" finished-at="2021-09-09T01:34:53 IST" duration-ms="9" status="PASS">
          <reporter-output>
          </reporter-output>
        </test-method> <!-- enterGuestInfo -->
      </class> <!-- BookingProject.BookingSearch -->
    </test> <!-- Create Booking Test -Apply discount- Pay@Hotel -->
    <test started-at="2021-09-09T01:34:53 IST" name="Create Booking Test -Apply discount- Inst Payment" finished-at="2021-09-09T01:34:53 IST" duration-ms="55">
      <class name="BookingProject.PaymentManager">
        <test-method signature="applyDiscount()[pri:0, instance:BookingProject.PaymentManager@44821a96]" started-at="2021-09-09T01:34:53 IST" name="applyDiscount" finished-at="2021-09-09T01:34:53 IST" duration-ms="4" status="PASS">
          <reporter-output>
          </reporter-output>
        </test-method> <!-- applyDiscount -->
        <test-method signature="makePayment(java.lang.String)[pri:0, instance:BookingProject.PaymentManager@44821a96]" started-at="2021-09-09T01:34:53 IST" name="makePayment" finished-at="2021-09-09T01:34:53 IST" duration-ms="2" status="PASS">
          <params>
            <param index="0">
              <value>
                <![CDATA[instantPay]]>
              </value>
            </param>
          </params>
          <reporter-output>
          </reporter-output>
        </test-method> <!-- makePayment -->
      </class> <!-- BookingProject.PaymentManager -->
      <class name="BookingProject.CustomerCommunications">
        <test-method signature="checkMail()[pri:0, instance:BookingProject.CustomerCommunications@a3d8174]" started-at="2021-09-09T01:34:53 IST" name="checkMail" finished-at="2021-09-09T01:34:53 IST" duration-ms="2" status="PASS">
          <reporter-output>
          </reporter-output>
        </test-method> <!-- checkMail -->
      </class> <!-- BookingProject.CustomerCommunications -->
      <class name="BookingProject.BookingSearch">
        <test-method signature="searchHotel()[pri:0, instance:BookingProject.BookingSearch@4944252c]" started-at="2021-09-09T01:34:53 IST" name="searchHotel" finished-at="2021-09-09T01:34:53 IST" duration-ms="2" status="PASS">
          <reporter-output>
          </reporter-output>
        </test-method> <!-- searchHotel -->
        <test-method signature="selectHotel()[pri:0, instance:BookingProject.BookingSearch@4944252c]" started-at="2021-09-09T01:34:53 IST" name="selectHotel" finished-at="2021-09-09T01:34:53 IST" duration-ms="2" status="PASS">
          <reporter-output>
          </reporter-output>
        </test-method> <!-- selectHotel -->
        <test-method signature="enterGuestInfo()[pri:0, instance:BookingProject.BookingSearch@4944252c]" started-at="2021-09-09T01:34:53 IST" name="enterGuestInfo" finished-at="2021-09-09T01:34:53 IST" duration-ms="5" status="PASS">
          <reporter-output>
          </reporter-output>
        </test-method> <!-- enterGuestInfo -->
      </class> <!-- BookingProject.BookingSearch -->
    </test> <!-- Create Booking Test -Apply discount- Inst Payment -->
  </suite> <!-- Booking Suite -->
</testng-results>
